2025-04-10 15:08:56 [main] INFO  c.e.p.PaymentServiceApplication - Starting PaymentServiceApplication using Java 23 with PID 16096 (E:\Backup\FlightBookingSystem\backend\payment-service\target\classes started by win in E:\Backup\FlightBookingSystem\backend\payment-service)
2025-04-10 15:08:56 [main] INFO  c.e.p.PaymentServiceApplication - No active profile set, falling back to 1 default profile: "default"
2025-04-10 15:08:58 [main] INFO  o.s.d.r.c.RepositoryConfigurationDelegate - Bootstrapping Spring Data JPA repositories in DEFAULT mode.
2025-04-10 15:08:58 [main] INFO  o.s.d.r.c.RepositoryConfigurationDelegate - Finished Spring Data repository scanning in 217 ms. Found 1 JPA repository interface.
2025-04-10 15:08:59 [main] INFO  o.s.cloud.context.scope.GenericScope - BeanFactory id=b31b397b-545b-330f-a368-0240b99f1252
2025-04-10 15:08:59 [main] INFO  o.s.b.w.e.tomcat.TomcatWebServer - Tomcat initialized with port 8085 (http)
2025-04-10 15:08:59 [main] INFO  o.a.c.core.AprLifecycleListener - Loaded Apache Tomcat Native library [2.0.8] using APR version [1.7.4].
2025-04-10 15:08:59 [main] INFO  o.a.c.core.AprLifecycleListener - OpenSSL successfully initialized [OpenSSL 3.0.14 4 Jun 2024]
2025-04-10 15:08:59 [main] INFO  o.a.coyote.http11.Http11NioProtocol - Initializing ProtocolHandler ["http-nio-8085"]
2025-04-10 15:08:59 [main] INFO  o.a.catalina.core.StandardService - Starting service [Tomcat]
2025-04-10 15:08:59 [main] INFO  o.a.catalina.core.StandardEngine - Starting Servlet engine: [Apache Tomcat/10.1.36]
2025-04-10 15:08:59 [main] INFO  o.a.c.c.C.[Tomcat].[localhost].[/] - Initializing Spring embedded WebApplicationContext
2025-04-10 15:08:59 [main] INFO  o.s.b.w.s.c.ServletWebServerApplicationContext - Root WebApplicationContext: initialization completed in 2914 ms
2025-04-10 15:09:00 [main] INFO  o.h.jpa.internal.util.LogHelper - HHH000204: Processing PersistenceUnitInfo [name: default]
2025-04-10 15:09:00 [main] INFO  org.hibernate.Version - HHH000412: Hibernate ORM core version 6.6.8.Final
2025-04-10 15:09:00 [main] INFO  o.h.c.i.RegionFactoryInitiator - HHH000026: Second-level cache disabled
2025-04-10 15:09:01 [main] INFO  o.s.o.j.p.SpringPersistenceUnitInfo - No LoadTimeWeaver setup: ignoring JPA class transformer
2025-04-10 15:09:01 [main] INFO  com.zaxxer.hikari.HikariDataSource - HikariPool-1 - Starting...
2025-04-10 15:09:01 [main] INFO  com.zaxxer.hikari.pool.HikariPool - HikariPool-1 - Added connection com.mysql.cj.jdbc.ConnectionImpl@63f2d024
2025-04-10 15:09:01 [main] INFO  com.zaxxer.hikari.HikariDataSource - HikariPool-1 - Start completed.
2025-04-10 15:09:01 [main] WARN  org.hibernate.orm.deprecation - HHH90000025: MySQL8Dialect does not need to be specified explicitly using 'hibernate.dialect' (remove the property setting and it will be selected by default)
2025-04-10 15:09:01 [main] WARN  org.hibernate.orm.deprecation - HHH90000026: MySQL8Dialect has been deprecated; use org.hibernate.dialect.MySQLDialect instead
2025-04-10 15:09:01 [main] INFO  o.hibernate.orm.connections.pooling - HHH10001005: Database info:
	Database JDBC URL [Connecting through datasource 'HikariDataSource (HikariPool-1)']
	Database driver: undefined/unknown
	Database version: 8.0
	Autocommit mode: undefined/unknown
	Isolation level: undefined/unknown
	Minimum pool size: undefined/unknown
	Maximum pool size: undefined/unknown
2025-04-10 15:09:02 [main] INFO  o.h.e.t.j.p.i.JtaPlatformInitiator - HHH000489: No JTA platform available (set 'hibernate.transaction.jta.platform' to enable JTA platform integration)
2025-04-10 15:09:03 [main] INFO  o.s.o.j.LocalContainerEntityManagerFactoryBean - Initialized JPA EntityManagerFactory for persistence unit 'default'
2025-04-10 15:09:03 [main] WARN  o.s.b.a.o.j.JpaBaseConfiguration$JpaWebConfiguration - spring.jpa.open-in-view is enabled by default. Therefore, database queries may be performed during view rendering. Explicitly configure spring.jpa.open-in-view to disable this warning
2025-04-10 15:09:03 [main] INFO  o.s.s.c.a.a.c.InitializeUserDetailsBeanManagerConfigurer$InitializeUserDetailsManagerConfigurer - Global AuthenticationManager configured with UserDetailsService bean with name userDetailsService
2025-04-10 15:09:04 [main] INFO  o.s.c.n.e.c.DiscoveryClientOptionalArgsConfiguration - Eureka HTTP Client uses RestTemplate.
2025-04-10 15:09:04 [main] WARN  o.s.c.l.c.LoadBalancerCacheAutoConfiguration$LoadBalancerCaffeineWarnLogger - Spring Cloud LoadBalancer is currently working with the default cache. While this cache implementation is useful for development and tests, it's recommended to use Caffeine cache in production.You can switch to using Caffeine cache, by adding it and org.springframework.cache.caffeine.CaffeineCacheManager to the classpath.
2025-04-10 15:09:04 [main] INFO  o.s.c.n.eureka.InstanceInfoFactory - Setting initial instance status as: STARTING
2025-04-10 15:09:04 [main] INFO  c.netflix.discovery.DiscoveryClient - Initializing Eureka in region us-east-1
2025-04-10 15:09:04 [main] INFO  c.n.d.s.r.aws.ConfigClusterResolver - Resolving eureka endpoints via configuration
2025-04-10 15:09:04 [main] INFO  c.netflix.discovery.DiscoveryClient - Disable delta property : false
2025-04-10 15:09:04 [main] INFO  c.netflix.discovery.DiscoveryClient - Single vip registry refresh property : null
2025-04-10 15:09:04 [main] INFO  c.netflix.discovery.DiscoveryClient - Force full registry fetch : false
2025-04-10 15:09:04 [main] INFO  c.netflix.discovery.DiscoveryClient - Application is null : false
2025-04-10 15:09:04 [main] INFO  c.netflix.discovery.DiscoveryClient - Registered Applications size is zero : true
2025-04-10 15:09:04 [main] INFO  c.netflix.discovery.DiscoveryClient - Application version is -1: true
2025-04-10 15:09:04 [main] INFO  c.netflix.discovery.DiscoveryClient - Getting all instance registry info from the eureka server
2025-04-10 15:09:05 [main] INFO  c.netflix.discovery.DiscoveryClient - The response status is 200
2025-04-10 15:09:05 [main] INFO  c.netflix.discovery.DiscoveryClient - Starting heartbeat executor: renew interval is: 30
2025-04-10 15:09:05 [main] INFO  c.n.discovery.InstanceInfoReplicator - InstanceInfoReplicator onDemand update allowed rate per min is 4
2025-04-10 15:09:05 [main] INFO  c.netflix.discovery.DiscoveryClient - Discovery Client initialized at timestamp 1744277945427 with initial instances count: 0
2025-04-10 15:09:05 [main] INFO  o.s.c.n.e.s.EurekaServiceRegistry - Registering application PAYMENT-SERVICE with eureka with status UP
2025-04-10 15:09:05 [main] INFO  c.netflix.discovery.DiscoveryClient - Saw local status change event StatusChangeEvent [timestamp=1744277945438, current=UP, previous=STARTING]
2025-04-10 15:09:05 [main] INFO  o.a.coyote.http11.Http11NioProtocol - Starting ProtocolHandler ["http-nio-8085"]
2025-04-10 15:09:05 [DiscoveryClient-InstanceInfoReplicator-%d] INFO  c.netflix.discovery.DiscoveryClient - DiscoveryClient_PAYMENT-SERVICE/host.docker.internal:payment-service:8085: registering service...
2025-04-10 15:09:05 [main] INFO  o.s.b.w.e.tomcat.TomcatWebServer - Tomcat started on port 8085 (http) with context path '/'
2025-04-10 15:09:05 [main] INFO  o.s.c.n.e.s.EurekaAutoServiceRegistration - Updating port to 8085
2025-04-10 15:09:05 [main] INFO  c.e.p.PaymentServiceApplication - Started PaymentServiceApplication in 9.27 seconds (process running for 10.744)
2025-04-10 15:09:05 [DiscoveryClient-InstanceInfoReplicator-%d] INFO  c.netflix.discovery.DiscoveryClient - DiscoveryClient_PAYMENT-SERVICE/host.docker.internal:payment-service:8085 - registration status: 204
2025-04-10 15:09:35 [DiscoveryClient-CacheRefreshExecutor-%d] INFO  c.netflix.discovery.DiscoveryClient - Disable delta property : false
2025-04-10 15:09:35 [DiscoveryClient-CacheRefreshExecutor-%d] INFO  c.netflix.discovery.DiscoveryClient - Single vip registry refresh property : null
2025-04-10 15:09:35 [DiscoveryClient-CacheRefreshExecutor-%d] INFO  c.netflix.discovery.DiscoveryClient - Force full registry fetch : false
2025-04-10 15:09:35 [DiscoveryClient-CacheRefreshExecutor-%d] INFO  c.netflix.discovery.DiscoveryClient - Application is null : false
2025-04-10 15:09:35 [DiscoveryClient-CacheRefreshExecutor-%d] INFO  c.netflix.discovery.DiscoveryClient - Registered Applications size is zero : true
2025-04-10 15:09:35 [DiscoveryClient-CacheRefreshExecutor-%d] INFO  c.netflix.discovery.DiscoveryClient - Application version is -1: false
2025-04-10 15:09:35 [DiscoveryClient-CacheRefreshExecutor-%d] INFO  c.netflix.discovery.DiscoveryClient - Getting all instance registry info from the eureka server
2025-04-10 15:09:35 [DiscoveryClient-CacheRefreshExecutor-%d] INFO  c.netflix.discovery.DiscoveryClient - The response status is 200
2025-04-10 15:11:00 [SpringApplicationShutdownHook] INFO  o.s.c.n.e.s.EurekaServiceRegistry - Unregistering application PAYMENT-SERVICE with eureka with status DOWN
2025-04-10 15:11:00 [SpringApplicationShutdownHook] INFO  c.netflix.discovery.DiscoveryClient - Saw local status change event StatusChangeEvent [timestamp=1744278060366, current=DOWN, previous=UP]
2025-04-10 15:11:00 [DiscoveryClient-InstanceInfoReplicator-%d] INFO  c.netflix.discovery.DiscoveryClient - DiscoveryClient_PAYMENT-SERVICE/host.docker.internal:payment-service:8085: registering service...
2025-04-10 15:11:00 [SpringApplicationShutdownHook] INFO  o.s.b.w.e.tomcat.GracefulShutdown - Commencing graceful shutdown. Waiting for active requests to complete
2025-04-10 15:11:00 [tomcat-shutdown] INFO  o.s.b.w.e.tomcat.GracefulShutdown - Graceful shutdown complete
2025-04-10 15:11:00 [DiscoveryClient-InstanceInfoReplicator-%d] INFO  c.netflix.discovery.DiscoveryClient - DiscoveryClient_PAYMENT-SERVICE/host.docker.internal:payment-service:8085 - registration status: 204
2025-04-10 15:11:00 [SpringApplicationShutdownHook] INFO  o.s.o.j.LocalContainerEntityManagerFactoryBean - Closing JPA EntityManagerFactory for persistence unit 'default'
2025-04-10 15:11:00 [SpringApplicationShutdownHook] INFO  com.zaxxer.hikari.HikariDataSource - HikariPool-1 - Shutdown initiated...
2025-04-10 15:11:00 [SpringApplicationShutdownHook] INFO  com.zaxxer.hikari.HikariDataSource - HikariPool-1 - Shutdown completed.
2025-04-10 15:11:00 [SpringApplicationShutdownHook] INFO  c.netflix.discovery.DiscoveryClient - Shutting down DiscoveryClient ...
2025-04-10 15:11:03 [SpringApplicationShutdownHook] INFO  c.netflix.discovery.DiscoveryClient - Unregistering ...
2025-04-10 15:11:03 [SpringApplicationShutdownHook] INFO  c.netflix.discovery.DiscoveryClient - DiscoveryClient_PAYMENT-SERVICE/host.docker.internal:payment-service:8085 - deregister  status: 200
2025-04-10 15:11:03 [SpringApplicationShutdownHook] INFO  c.netflix.discovery.DiscoveryClient - Completed shut down of DiscoveryClient
2025-04-10 15:11:07 [main] INFO  c.e.p.PaymentServiceApplication - Starting PaymentServiceApplication using Java 23 with PID 21156 (E:\Backup\FlightBookingSystem\backend\payment-service\target\classes started by win in E:\Backup\FlightBookingSystem\backend\payment-service)
2025-04-10 15:11:07 [main] INFO  c.e.p.PaymentServiceApplication - No active profile set, falling back to 1 default profile: "default"
2025-04-10 15:11:09 [main] INFO  o.s.d.r.c.RepositoryConfigurationDelegate - Bootstrapping Spring Data JPA repositories in DEFAULT mode.
2025-04-10 15:11:09 [main] INFO  o.s.d.r.c.RepositoryConfigurationDelegate - Finished Spring Data repository scanning in 190 ms. Found 1 JPA repository interface.
2025-04-10 15:11:09 [main] INFO  o.s.cloud.context.scope.GenericScope - BeanFactory id=b31b397b-545b-330f-a368-0240b99f1252
2025-04-10 15:11:10 [main] INFO  o.s.b.w.e.tomcat.TomcatWebServer - Tomcat initialized with port 8085 (http)
2025-04-10 15:11:10 [main] INFO  o.a.c.core.AprLifecycleListener - Loaded Apache Tomcat Native library [2.0.8] using APR version [1.7.4].
2025-04-10 15:11:10 [main] INFO  o.a.c.core.AprLifecycleListener - OpenSSL successfully initialized [OpenSSL 3.0.14 4 Jun 2024]
2025-04-10 15:11:10 [main] INFO  o.a.coyote.http11.Http11NioProtocol - Initializing ProtocolHandler ["http-nio-8085"]
2025-04-10 15:11:10 [main] INFO  o.a.catalina.core.StandardService - Starting service [Tomcat]
2025-04-10 15:11:10 [main] INFO  o.a.catalina.core.StandardEngine - Starting Servlet engine: [Apache Tomcat/10.1.36]
2025-04-10 15:11:10 [main] INFO  o.a.c.c.C.[Tomcat].[localhost].[/] - Initializing Spring embedded WebApplicationContext
2025-04-10 15:11:10 [main] INFO  o.s.b.w.s.c.ServletWebServerApplicationContext - Root WebApplicationContext: initialization completed in 2756 ms
2025-04-10 15:11:10 [main] INFO  o.h.jpa.internal.util.LogHelper - HHH000204: Processing PersistenceUnitInfo [name: default]
2025-04-10 15:11:10 [main] INFO  org.hibernate.Version - HHH000412: Hibernate ORM core version 6.6.8.Final
2025-04-10 15:11:11 [main] INFO  o.h.c.i.RegionFactoryInitiator - HHH000026: Second-level cache disabled
2025-04-10 15:11:11 [main] INFO  o.s.o.j.p.SpringPersistenceUnitInfo - No LoadTimeWeaver setup: ignoring JPA class transformer
2025-04-10 15:11:11 [main] INFO  com.zaxxer.hikari.HikariDataSource - HikariPool-1 - Starting...
2025-04-10 15:11:12 [main] INFO  com.zaxxer.hikari.pool.HikariPool - HikariPool-1 - Added connection com.mysql.cj.jdbc.ConnectionImpl@36120a8b
2025-04-10 15:11:12 [main] INFO  com.zaxxer.hikari.HikariDataSource - HikariPool-1 - Start completed.
2025-04-10 15:11:12 [main] WARN  org.hibernate.orm.deprecation - HHH90000025: MySQL8Dialect does not need to be specified explicitly using 'hibernate.dialect' (remove the property setting and it will be selected by default)
2025-04-10 15:11:12 [main] WARN  org.hibernate.orm.deprecation - HHH90000026: MySQL8Dialect has been deprecated; use org.hibernate.dialect.MySQLDialect instead
2025-04-10 15:11:12 [main] INFO  o.hibernate.orm.connections.pooling - HHH10001005: Database info:
	Database JDBC URL [Connecting through datasource 'HikariDataSource (HikariPool-1)']
	Database driver: undefined/unknown
	Database version: 8.0
	Autocommit mode: undefined/unknown
	Isolation level: undefined/unknown
	Minimum pool size: undefined/unknown
	Maximum pool size: undefined/unknown
2025-04-10 15:11:13 [main] INFO  o.h.e.t.j.p.i.JtaPlatformInitiator - HHH000489: No JTA platform available (set 'hibernate.transaction.jta.platform' to enable JTA platform integration)
2025-04-10 15:11:13 [main] INFO  o.s.o.j.LocalContainerEntityManagerFactoryBean - Initialized JPA EntityManagerFactory for persistence unit 'default'
2025-04-10 15:11:13 [main] WARN  o.s.b.a.o.j.JpaBaseConfiguration$JpaWebConfiguration - spring.jpa.open-in-view is enabled by default. Therefore, database queries may be performed during view rendering. Explicitly configure spring.jpa.open-in-view to disable this warning
2025-04-10 15:11:13 [main] INFO  o.s.s.c.a.a.c.InitializeUserDetailsBeanManagerConfigurer$InitializeUserDetailsManagerConfigurer - Global AuthenticationManager configured with UserDetailsService bean with name userDetailsService
2025-04-10 15:11:14 [main] INFO  o.s.c.n.e.c.DiscoveryClientOptionalArgsConfiguration - Eureka HTTP Client uses RestTemplate.
2025-04-10 15:11:14 [main] WARN  o.s.c.l.c.LoadBalancerCacheAutoConfiguration$LoadBalancerCaffeineWarnLogger - Spring Cloud LoadBalancer is currently working with the default cache. While this cache implementation is useful for development and tests, it's recommended to use Caffeine cache in production.You can switch to using Caffeine cache, by adding it and org.springframework.cache.caffeine.CaffeineCacheManager to the classpath.
2025-04-10 15:11:14 [main] INFO  o.s.c.n.eureka.InstanceInfoFactory - Setting initial instance status as: STARTING
2025-04-10 15:11:14 [main] INFO  c.netflix.discovery.DiscoveryClient - Initializing Eureka in region us-east-1
2025-04-10 15:11:15 [main] INFO  c.n.d.s.r.aws.ConfigClusterResolver - Resolving eureka endpoints via configuration
2025-04-10 15:11:15 [main] INFO  c.netflix.discovery.DiscoveryClient - Disable delta property : false
2025-04-10 15:11:15 [main] INFO  c.netflix.discovery.DiscoveryClient - Single vip registry refresh property : null
2025-04-10 15:11:15 [main] INFO  c.netflix.discovery.DiscoveryClient - Force full registry fetch : false
2025-04-10 15:11:15 [main] INFO  c.netflix.discovery.DiscoveryClient - Application is null : false
2025-04-10 15:11:15 [main] INFO  c.netflix.discovery.DiscoveryClient - Registered Applications size is zero : true
2025-04-10 15:11:15 [main] INFO  c.netflix.discovery.DiscoveryClient - Application version is -1: true
2025-04-10 15:11:15 [main] INFO  c.netflix.discovery.DiscoveryClient - Getting all instance registry info from the eureka server
2025-04-10 15:11:15 [main] INFO  c.netflix.discovery.DiscoveryClient - The response status is 200
2025-04-10 15:11:15 [main] INFO  c.netflix.discovery.DiscoveryClient - Starting heartbeat executor: renew interval is: 30
2025-04-10 15:11:15 [main] INFO  c.n.discovery.InstanceInfoReplicator - InstanceInfoReplicator onDemand update allowed rate per min is 4
2025-04-10 15:11:15 [main] INFO  c.netflix.discovery.DiscoveryClient - Discovery Client initialized at timestamp 1744278075437 with initial instances count: 1
2025-04-10 15:11:15 [main] INFO  o.s.c.n.e.s.EurekaServiceRegistry - Registering application PAYMENT-SERVICE with eureka with status UP
2025-04-10 15:11:15 [main] INFO  c.netflix.discovery.DiscoveryClient - Saw local status change event StatusChangeEvent [timestamp=1744278075446, current=UP, previous=STARTING]
2025-04-10 15:11:15 [main] INFO  o.a.coyote.http11.Http11NioProtocol - Starting ProtocolHandler ["http-nio-8085"]
2025-04-10 15:11:15 [DiscoveryClient-InstanceInfoReplicator-%d] INFO  c.netflix.discovery.DiscoveryClient - DiscoveryClient_PAYMENT-SERVICE/host.docker.internal:payment-service:8085: registering service...
2025-04-10 15:11:15 [main] INFO  o.s.b.w.e.tomcat.TomcatWebServer - Tomcat started on port 8085 (http) with context path '/'
2025-04-10 15:11:15 [main] INFO  o.s.c.n.e.s.EurekaAutoServiceRegistration - Updating port to 8085
2025-04-10 15:11:15 [main] INFO  c.e.p.PaymentServiceApplication - Started PaymentServiceApplication in 8.49 seconds (process running for 9.933)
2025-04-10 15:11:15 [DiscoveryClient-InstanceInfoReplicator-%d] INFO  c.netflix.discovery.DiscoveryClient - DiscoveryClient_PAYMENT-SERVICE/host.docker.internal:payment-service:8085 - registration status: 204
2025-04-10 15:11:35 [SpringApplicationShutdownHook] INFO  o.s.c.n.e.s.EurekaServiceRegistry - Unregistering application PAYMENT-SERVICE with eureka with status DOWN
2025-04-10 15:11:35 [SpringApplicationShutdownHook] INFO  c.netflix.discovery.DiscoveryClient - Saw local status change event StatusChangeEvent [timestamp=1744278095162, current=DOWN, previous=UP]
2025-04-10 15:11:35 [DiscoveryClient-InstanceInfoReplicator-%d] INFO  c.netflix.discovery.DiscoveryClient - DiscoveryClient_PAYMENT-SERVICE/host.docker.internal:payment-service:8085: registering service...
2025-04-10 15:11:35 [SpringApplicationShutdownHook] INFO  o.s.b.w.e.tomcat.GracefulShutdown - Commencing graceful shutdown. Waiting for active requests to complete
2025-04-10 15:11:35 [DiscoveryClient-InstanceInfoReplicator-%d] INFO  c.netflix.discovery.DiscoveryClient - DiscoveryClient_PAYMENT-SERVICE/host.docker.internal:payment-service:8085 - registration status: 204
2025-04-10 15:11:35 [tomcat-shutdown] INFO  o.s.b.w.e.tomcat.GracefulShutdown - Graceful shutdown complete
2025-04-10 15:11:35 [SpringApplicationShutdownHook] INFO  o.s.o.j.LocalContainerEntityManagerFactoryBean - Closing JPA EntityManagerFactory for persistence unit 'default'
2025-04-10 15:11:35 [SpringApplicationShutdownHook] INFO  com.zaxxer.hikari.HikariDataSource - HikariPool-1 - Shutdown initiated...
2025-04-10 15:11:35 [SpringApplicationShutdownHook] INFO  com.zaxxer.hikari.HikariDataSource - HikariPool-1 - Shutdown completed.
2025-04-10 15:11:35 [SpringApplicationShutdownHook] INFO  c.netflix.discovery.DiscoveryClient - Shutting down DiscoveryClient ...
2025-04-10 15:11:38 [SpringApplicationShutdownHook] INFO  c.netflix.discovery.DiscoveryClient - Unregistering ...
2025-04-10 15:11:38 [SpringApplicationShutdownHook] INFO  c.netflix.discovery.DiscoveryClient - DiscoveryClient_PAYMENT-SERVICE/host.docker.internal:payment-service:8085 - deregister  status: 200
2025-04-10 15:11:38 [SpringApplicationShutdownHook] INFO  c.netflix.discovery.DiscoveryClient - Completed shut down of DiscoveryClient
